<?xml version="1.0" encoding="UTF-8"?>
<testsuite name="gomining.studentsnotes.StudentNoteIntegrationTest" tests="1" skipped="0" failures="0" errors="0" timestamp="2021-01-28T19:51:35" hostname="DESKTOP-UNU9LPI" time="0.464">
  <properties/>
  <testcase name="StudentNoteApiShouldPostNewNoteAndReturn200" classname="gomining.studentsnotes.StudentNoteIntegrationTest" time="0.464"/>
  <system-out><![CDATA[16:51:33.610 [Test worker] DEBUG org.springframework.test.context.junit4.SpringJUnit4ClassRunner - SpringJUnit4ClassRunner constructor called with [class gomining.studentsnotes.StudentNoteIntegrationTest]
16:51:33.618 [Test worker] DEBUG org.springframework.test.context.BootstrapUtils - Instantiating CacheAwareContextLoaderDelegate from class [org.springframework.test.context.cache.DefaultCacheAwareContextLoaderDelegate]
16:51:33.627 [Test worker] DEBUG org.springframework.test.context.BootstrapUtils - Instantiating BootstrapContext using constructor [public org.springframework.test.context.support.DefaultBootstrapContext(java.lang.Class,org.springframework.test.context.CacheAwareContextLoaderDelegate)]
16:51:33.658 [Test worker] DEBUG org.springframework.test.context.BootstrapUtils - Instantiating TestContextBootstrapper for test class [gomining.studentsnotes.StudentNoteIntegrationTest] from class [org.springframework.boot.test.context.SpringBootTestContextBootstrapper]
16:51:33.666 [Test worker] INFO org.springframework.boot.test.context.SpringBootTestContextBootstrapper - Neither @ContextConfiguration nor @ContextHierarchy found for test class [gomining.studentsnotes.StudentNoteIntegrationTest], using SpringBootContextLoader
16:51:33.669 [Test worker] DEBUG org.springframework.test.context.support.AbstractContextLoader - Did not detect default resource location for test class [gomining.studentsnotes.StudentNoteIntegrationTest]: class path resource [gomining/studentsnotes/StudentNoteIntegrationTest-context.xml] does not exist
16:51:33.670 [Test worker] DEBUG org.springframework.test.context.support.AbstractContextLoader - Did not detect default resource location for test class [gomining.studentsnotes.StudentNoteIntegrationTest]: class path resource [gomining/studentsnotes/StudentNoteIntegrationTestContext.groovy] does not exist
16:51:33.670 [Test worker] INFO org.springframework.test.context.support.AbstractContextLoader - Could not detect default resource locations for test class [gomining.studentsnotes.StudentNoteIntegrationTest]: no resource found for suffixes {-context.xml, Context.groovy}.
16:51:33.715 [Test worker] DEBUG org.springframework.test.context.support.ActiveProfilesUtils - Could not find an 'annotation declaring class' for annotation type [org.springframework.test.context.ActiveProfiles] and class [gomining.studentsnotes.StudentNoteIntegrationTest]
16:51:33.824 [Test worker] DEBUG org.springframework.boot.test.context.SpringBootTestContextBootstrapper - @TestExecutionListeners is not present for class [gomining.studentsnotes.StudentNoteIntegrationTest]: using defaults.
16:51:33.825 [Test worker] INFO org.springframework.boot.test.context.SpringBootTestContextBootstrapper - Loaded default TestExecutionListener class names from location [META-INF/spring.factories]: [org.springframework.boot.test.autoconfigure.restdocs.RestDocsTestExecutionListener, org.springframework.boot.test.autoconfigure.web.client.MockRestServiceServerResetTestExecutionListener, org.springframework.boot.test.autoconfigure.web.servlet.MockMvcPrintOnlyOnFailureTestExecutionListener, org.springframework.boot.test.autoconfigure.web.servlet.WebDriverTestExecutionListener, org.springframework.boot.test.autoconfigure.webservices.client.MockWebServiceServerTestExecutionListener, org.springframework.boot.test.mock.mockito.MockitoTestExecutionListener, org.springframework.boot.test.mock.mockito.ResetMocksTestExecutionListener, org.springframework.test.context.web.ServletTestExecutionListener, org.springframework.test.context.support.DirtiesContextBeforeModesTestExecutionListener, org.springframework.test.context.event.ApplicationEventsTestExecutionListener, org.springframework.test.context.support.DependencyInjectionTestExecutionListener, org.springframework.test.context.support.DirtiesContextTestExecutionListener, org.springframework.test.context.transaction.TransactionalTestExecutionListener, org.springframework.test.context.jdbc.SqlScriptsTestExecutionListener, org.springframework.test.context.event.EventPublishingTestExecutionListener]
16:51:33.847 [Test worker] INFO org.springframework.boot.test.context.SpringBootTestContextBootstrapper - Using TestExecutionListeners: [org.springframework.test.context.web.ServletTestExecutionListener@330bdc46, org.springframework.test.context.support.DirtiesContextBeforeModesTestExecutionListener@384fa7dc, org.springframework.test.context.event.ApplicationEventsTestExecutionListener@420d2537, org.springframework.boot.test.mock.mockito.MockitoTestExecutionListener@5118aea5, org.springframework.boot.test.autoconfigure.SpringBootDependencyInjectionTestExecutionListener@3c9cb12c, org.springframework.test.context.support.DirtiesContextTestExecutionListener@79a89024, org.springframework.test.context.transaction.TransactionalTestExecutionListener@522736bb, org.springframework.test.context.jdbc.SqlScriptsTestExecutionListener@465ed7dc, org.springframework.test.context.event.EventPublishingTestExecutionListener@1f121bea, org.springframework.boot.test.autoconfigure.restdocs.RestDocsTestExecutionListener@2286819c, org.springframework.boot.test.autoconfigure.web.client.MockRestServiceServerResetTestExecutionListener@497fe999, org.springframework.boot.test.autoconfigure.web.servlet.MockMvcPrintOnlyOnFailureTestExecutionListener@792f275d, org.springframework.boot.test.autoconfigure.web.servlet.WebDriverTestExecutionListener@766daed9, org.springframework.boot.test.autoconfigure.webservices.client.MockWebServiceServerTestExecutionListener@60715be9, org.springframework.boot.test.mock.mockito.ResetMocksTestExecutionListener@5674455f]
16:51:33.850 [Test worker] DEBUG org.springframework.test.annotation.ProfileValueUtils - Retrieved @ProfileValueSourceConfiguration [null] for test class [gomining.studentsnotes.StudentNoteIntegrationTest]
16:51:33.852 [Test worker] DEBUG org.springframework.test.annotation.ProfileValueUtils - Retrieved ProfileValueSource type [class org.springframework.test.annotation.SystemProfileValueSource] for class [gomining.studentsnotes.StudentNoteIntegrationTest]
16:51:33.854 [Test worker] DEBUG org.springframework.test.annotation.ProfileValueUtils - Retrieved @ProfileValueSourceConfiguration [null] for test class [gomining.studentsnotes.StudentNoteIntegrationTest]
16:51:33.854 [Test worker] DEBUG org.springframework.test.annotation.ProfileValueUtils - Retrieved ProfileValueSource type [class org.springframework.test.annotation.SystemProfileValueSource] for class [gomining.studentsnotes.StudentNoteIntegrationTest]
16:51:33.856 [Test worker] DEBUG org.springframework.test.annotation.ProfileValueUtils - Retrieved @ProfileValueSourceConfiguration [null] for test class [gomining.studentsnotes.StudentNoteIntegrationTest]
16:51:33.856 [Test worker] DEBUG org.springframework.test.annotation.ProfileValueUtils - Retrieved ProfileValueSource type [class org.springframework.test.annotation.SystemProfileValueSource] for class [gomining.studentsnotes.StudentNoteIntegrationTest]
16:51:33.860 [Test worker] DEBUG org.springframework.test.annotation.ProfileValueUtils - Retrieved @ProfileValueSourceConfiguration [null] for test class [gomining.studentsnotes.StudentNoteIntegrationTest]
16:51:33.860 [Test worker] DEBUG org.springframework.test.annotation.ProfileValueUtils - Retrieved ProfileValueSource type [class org.springframework.test.annotation.SystemProfileValueSource] for class [gomining.studentsnotes.StudentNoteIntegrationTest]
16:51:33.861 [Test worker] DEBUG org.springframework.test.annotation.ProfileValueUtils - Retrieved @ProfileValueSourceConfiguration [null] for test class [gomining.studentsnotes.StudentNoteIntegrationTest]
16:51:33.861 [Test worker] DEBUG org.springframework.test.annotation.ProfileValueUtils - Retrieved ProfileValueSource type [class org.springframework.test.annotation.SystemProfileValueSource] for class [gomining.studentsnotes.StudentNoteIntegrationTest]
16:51:33.866 [Test worker] DEBUG org.springframework.test.context.support.AbstractDirtiesContextTestExecutionListener - Before test class: context [DefaultTestContext@50ad0bad testClass = StudentNoteIntegrationTest, testInstance = [null], testMethod = [null], testException = [null], mergedContextConfiguration = [WebMergedContextConfiguration@9379ee9 testClass = StudentNoteIntegrationTest, locations = '{}', classes = '{class gomining.studentsnotes.StudentsNotesApplication}', contextInitializerClasses = '[]', activeProfiles = '{}', propertySourceLocations = '{}', propertySourceProperties = '{org.springframework.boot.test.context.SpringBootTestContextBootstrapper=true}', contextCustomizers = set[org.springframework.boot.test.autoconfigure.actuate.metrics.MetricsExportContextCustomizerFactory$DisableMetricExportContextCustomizer@651d40a6, org.springframework.boot.test.autoconfigure.properties.PropertyMappingContextCustomizer@0, org.springframework.boot.test.autoconfigure.web.servlet.WebDriverContextCustomizerFactory$Customizer@107b48df, org.springframework.boot.test.context.filter.ExcludeFilterContextCustomizer@7f7c1e4c, org.springframework.boot.test.json.DuplicateJsonObjectContextCustomizerFactory$DuplicateJsonObjectContextCustomizer@17386190, org.springframework.boot.test.mock.mockito.MockitoContextCustomizer@0, org.springframework.boot.test.web.client.TestRestTemplateContextCustomizer@39ee3bfc, org.springframework.test.context.web.socket.MockServerContainerContextCustomizer@48525a25, org.springframework.boot.test.context.SpringBootTestArgs@1, org.springframework.boot.test.context.SpringBootTestWebEnvironment@9ca5c3b], resourceBasePath = 'src/main/webapp', contextLoader = 'org.springframework.boot.test.context.SpringBootContextLoader', parent = [null]], attributes = map['org.springframework.test.context.web.ServletTestExecutionListener.activateListener' -> true]], class annotated with @DirtiesContext [false] with mode [null].
16:51:33.868 [Test worker] DEBUG org.springframework.test.annotation.ProfileValueUtils - Retrieved @ProfileValueSourceConfiguration [null] for test class [gomining.studentsnotes.StudentNoteIntegrationTest]
16:51:33.868 [Test worker] DEBUG org.springframework.test.annotation.ProfileValueUtils - Retrieved ProfileValueSource type [class org.springframework.test.annotation.SystemProfileValueSource] for class [gomining.studentsnotes.StudentNoteIntegrationTest]
16:51:33.891 [Test worker] DEBUG org.springframework.test.context.support.TestPropertySourceUtils - Adding inlined properties to environment: {spring.jmx.enabled=false, org.springframework.boot.test.context.SpringBootTestContextBootstrapper=true}

  .   ____          _            __ _ _
 /\\ / ___'_ __ _ _(_)_ __  __ _ \ \ \ \
( ( )\___ | '_ | '_| | '_ \/ _` | \ \ \ \
 \\/  ___)| |_)| | | | | || (_| |  ) ) ) )
  '  |____| .__|_| |_|_| |_\__, | / / / /
 =========|_|==============|___/=/_/_/_/
 :: Spring Boot ::                (v2.4.2)

2021-01-28 16:51:34.182  INFO 2404 --- [    Test worker] g.s.StudentNoteIntegrationTest           : Starting StudentNoteIntegrationTest using Java 11.0.5 on DESKTOP-UNU9LPI with PID 2404 (started by a in C:\Users\a\Downloads\students-notes)
2021-01-28 16:51:34.184  INFO 2404 --- [    Test worker] g.s.StudentNoteIntegrationTest           : No active profile set, falling back to default profiles: default
2021-01-28 16:51:34.647  INFO 2404 --- [    Test worker] .s.d.r.c.RepositoryConfigurationDelegate : Bootstrapping Spring Data MongoDB repositories in DEFAULT mode.
2021-01-28 16:51:34.691  INFO 2404 --- [    Test worker] .s.d.r.c.RepositoryConfigurationDelegate : Finished Spring Data repository scanning in 40 ms. Found 1 MongoDB repository interfaces.
2021-01-28 16:51:35.051  INFO 2404 --- [    Test worker] org.mongodb.driver.cluster               : Cluster created with settings {hosts=[localhost:27017], mode=SINGLE, requiredClusterType=UNKNOWN, serverSelectionTimeout='30000 ms'}
2021-01-28 16:51:35.114  INFO 2404 --- [localhost:27017] org.mongodb.driver.connection            : Opened connection [connectionId{localValue:2, serverValue:15}] to localhost:27017
2021-01-28 16:51:35.114  INFO 2404 --- [localhost:27017] org.mongodb.driver.connection            : Opened connection [connectionId{localValue:1, serverValue:16}] to localhost:27017
2021-01-28 16:51:35.115  INFO 2404 --- [localhost:27017] org.mongodb.driver.cluster               : Monitor thread successfully connected to server with description ServerDescription{address=localhost:27017, type=STANDALONE, state=CONNECTED, ok=true, minWireVersion=0, maxWireVersion=8, maxDocumentSize=16777216, logicalSessionTimeoutMinutes=30, roundTripTimeNanos=20639400}
2021-01-28 16:51:35.674  INFO 2404 --- [    Test worker] o.s.s.concurrent.ThreadPoolTaskExecutor  : Initializing ExecutorService 'applicationTaskExecutor'
2021-01-28 16:51:35.926  INFO 2404 --- [    Test worker] g.s.StudentNoteIntegrationTest           : Started StudentNoteIntegrationTest in 2.028 seconds (JVM running for 3.081)
2021-01-28 16:51:36.232  INFO 2404 --- [    Test worker] o.s.b.t.m.w.SpringBootMockServletContext : Initializing Spring TestDispatcherServlet ''
2021-01-28 16:51:36.233  INFO 2404 --- [    Test worker] o.s.t.web.servlet.TestDispatcherServlet  : Initializing Servlet ''
2021-01-28 16:51:36.233  INFO 2404 --- [    Test worker] o.s.t.web.servlet.TestDispatcherServlet  : Completed initialization in 0 ms
2021-01-28 16:51:36.369  INFO 2404 --- [    Test worker] org.mongodb.driver.connection            : Opened connection [connectionId{localValue:3, serverValue:17}] to localhost:27017
]]></system-out>
  <system-err><![CDATA[]]></system-err>
</testsuite>
